INFO  [2024-04-01 14:47:22] MSstats - dataProcess function
INFO  [2024-04-01 14:47:22] Summary method: TMP
INFO  [2024-04-01 14:47:22] censoredInt: NA
INFO  [2024-04-01 14:47:23] Logarithm transformation with base 2 is done
INFO  [2024-04-01 14:47:23] Factorize in columns(GROUP, SUBJECT, GROUP_ORIGINAL, SUBJECT_ORIGINAL, FEATURE, RUN)
INFO  [2024-04-01 14:47:23] ** Use all features that the dataset originally has.
INFO  [2024-04-01 14:47:23] 
 # proteins: 488
 # peptides per protein: 1-418
 # features per peptide: 1-1
INFO  [2024-04-01 14:47:23] Some proteins have only one feature: 
 rev_sp|Q9BYN8|RT26_HUMAN,
 rev_tr|A0A4Y3JP04|A0A4Y3JP04_9ENTE,
 sp|A0A075B6H7|KV37_HUMAN,
 sp|A0A075B6I4|LVX54_HUMAN,
 sp|A0A075B6I6|LV150_HUMAN ...
INFO  [2024-04-01 14:47:23] 
                    Faecalis Faecium Healthy Norm
             # runs        9       4       2    1
    # bioreplicates        9       4       2    1
 # tech. replicates        1       1       1    1
INFO  [2024-04-01 14:47:23] Some features are completely missing in at least one condition:  
 GAQLEILKK_3_NA_NA,
 TEDTAVYYCAR_2_NA_NA,
 GLEWMGIIYPGDSDTR_2_NA_NA,
 VTHEGSTVEKTVAPAECS_3_NA_NA,
 LASPGFPGEYANDQER_2_NA_NA ...
INFO  [2024-04-01 14:47:23] == Start the summarization per subplot...
INFO  [2024-04-01 14:47:37] == Summarization is done.
INFO  [2024-04-01 14:47:37] MSstats - dataProcess function
INFO  [2024-04-01 14:47:37] Summary method: TMP
INFO  [2024-04-01 14:47:37] censoredInt: NA
INFO  [2024-04-01 14:47:38] Logarithm transformation with base 2 is done
INFO  [2024-04-01 14:47:38] Factorize in columns(GROUP, SUBJECT, GROUP_ORIGINAL, SUBJECT_ORIGINAL, FEATURE, RUN)
INFO  [2024-04-01 14:47:38] ** Use all features that the dataset originally has.
INFO  [2024-04-01 14:47:38] 
 # proteins: 474
 # peptides per protein: 1-446
 # features per peptide: 1-1
INFO  [2024-04-01 14:47:38] Some proteins have only one feature: 
 rev_sp|P14314|GLU2B_HUMAN,
 rev_sp|Q9BYN8|RT26_HUMAN,
 sp|A0A075B6I4|LVX54_HUMAN,
 sp|A0A075B6J6|LV322_HUMAN,
 sp|A0A075B6K2|LV312_HUMAN ...
INFO  [2024-04-01 14:47:38] 
                    Faecalis Faecium Healthy Norm
             # runs        7       4       4    1
    # bioreplicates        7       4       4    1
 # tech. replicates        1       1       1    1
INFO  [2024-04-01 14:47:38] Some features are completely missing in at least one condition:  
 KGAQLEILK_3_NA_NA,
 EIVMTQSPPTLSLSPGER_2_NA_NA,
 GSGVPDRFSGSSSGADR_3_NA_NA,
 FSGSTSGNTTTLTISR_3_NA_NA,
 KPQSAVYSTGSNGILLCEAEGEPQPTIK_4_NA_NA ...
INFO  [2024-04-01 14:47:38] == Start the summarization per subplot...
INFO  [2024-04-01 14:47:56] == Summarization is done.
INFO  [2024-04-01 14:47:56] MSstats - dataProcess function
INFO  [2024-04-01 14:47:56] Summary method: TMP
INFO  [2024-04-01 14:47:56] censoredInt: NA
INFO  [2024-04-01 14:47:56] Logarithm transformation with base 2 is done
INFO  [2024-04-01 14:47:56] Factorize in columns(GROUP, SUBJECT, GROUP_ORIGINAL, SUBJECT_ORIGINAL, FEATURE, RUN)
INFO  [2024-04-01 14:47:56] ** Use all features that the dataset originally has.
INFO  [2024-04-01 14:47:56] 
 # proteins: 402
 # peptides per protein: 1-369
 # features per peptide: 1-1
INFO  [2024-04-01 14:47:56] Some proteins have only one feature: 
 rev_sp|P14314|GLU2B_HUMAN,
 rev_sp|Q9BYN8|RT26_HUMAN,
 sp|A0A075B6I4|LVX54_HUMAN,
 sp|A0A075B6K0|LV316_HUMAN,
 sp|A0A075B6K5|LV39_HUMAN ...
INFO  [2024-04-01 14:47:56] 
                    Faecalis Faecium Healthy Norm
             # runs        2       7       6    1
    # bioreplicates        2       7       6    1
 # tech. replicates        1       1       1    1
INFO  [2024-04-01 14:47:56] Some features are completely missing in at least one condition:  
 GAQLEILKK_3_NA_NA,
 LLIYYDDLLPSGVSDR_3_NA_NA,
 VTMSVDTSK_2_NA_NA,
 LKSECFSK_3_NA_NA,
 QRPPDLDTSSNAVDLLFFTDESGDSR_3_NA_NA ...
INFO  [2024-04-01 14:47:56] == Start the summarization per subplot...
INFO  [2024-04-01 14:48:07] == Summarization is done.
INFO  [2024-04-01 14:48:07] MSstats - dataProcess function
INFO  [2024-04-01 14:48:07] Summary method: TMP
INFO  [2024-04-01 14:48:07] censoredInt: NA
INFO  [2024-04-01 14:48:07] Logarithm transformation with base 2 is done
INFO  [2024-04-01 14:48:07] Factorize in columns(GROUP, SUBJECT, GROUP_ORIGINAL, SUBJECT_ORIGINAL, FEATURE, RUN)
INFO  [2024-04-01 14:48:07] ** Use all features that the dataset originally has.
INFO  [2024-04-01 14:48:07] 
 # proteins: 377
 # peptides per protein: 1-354
 # features per peptide: 1-1
INFO  [2024-04-01 14:48:07] Some proteins have only one feature: 
 rev_sp|Q9BYN8|RT26_HUMAN,
 sp|A0A075B6H7|KV37_HUMAN,
 sp|A0A075B6H9|LV469_HUMAN,
 sp|A0A075B6I4|LVX54_HUMAN,
 sp|A0A075B6J9|LV218_HUMAN ...
INFO  [2024-04-01 14:48:07] 
                    Faecalis Faecium Healthy Norm
             # runs        7       3       5    1
    # bioreplicates        7       3       5    1
 # tech. replicates        1       1       1    1
INFO  [2024-04-01 14:48:07] Some features are completely missing in at least one condition:  
 KGAQLEILK_3_NA_NA,
 DIFTGLIGPMK_2_NA_NA,
 QSEDSTFYLGER_2_NA_NA,
 YEFLNGR_2_NA_NA,
 LQEDADGSCALLSPYVQPVCLPSGAAR_3_NA_NA ...
INFO  [2024-04-01 14:48:07] == Start the summarization per subplot...
INFO  [2024-04-01 14:48:17] == Summarization is done.
INFO  [2024-04-01 14:48:17] MSstats - dataProcess function
INFO  [2024-04-01 14:48:17] Summary method: TMP
INFO  [2024-04-01 14:48:17] censoredInt: NA
INFO  [2024-04-01 14:48:17] Logarithm transformation with base 2 is done
INFO  [2024-04-01 14:48:17] Factorize in columns(GROUP, SUBJECT, GROUP_ORIGINAL, SUBJECT_ORIGINAL, FEATURE, RUN)
INFO  [2024-04-01 14:48:17] ** Use all features that the dataset originally has.
INFO  [2024-04-01 14:48:17] 
 # proteins: 447
 # peptides per protein: 1-428
 # features per peptide: 1-1
INFO  [2024-04-01 14:48:17] Some proteins have only one feature: 
 rev_sp|Q9BYN8|RT26_HUMAN,
 sp|A0A075B6H7|KV37_HUMAN,
 sp|A0A075B6I4|LVX54_HUMAN,
 sp|A0A075B6I9|LV746_HUMAN,
 sp|A0A075B6K0|LV316_HUMAN ...
INFO  [2024-04-01 14:48:17] 
                    Faecalis Faecium Healthy Norm
             # runs        5       7       3    1
    # bioreplicates        5       7       3    1
 # tech. replicates        1       1       1    1
INFO  [2024-04-01 14:48:17] Some features are completely missing in at least one condition:  
 GAQLEILKK_3_NA_NA,
 KGAQLEILK_3_NA_NA,
 ITINPDTSKNQFSLQLNSVTPEDTAVYYCAR_4_NA_NA,
 GLEWMGIIYPGDSDTR_2_NA_NA,
 QNVDHSQEAAK_3_NA_NA ...
INFO  [2024-04-01 14:48:17] == Start the summarization per subplot...
INFO  [2024-04-01 14:48:33] == Summarization is done.
INFO  [2024-04-01 14:48:33] MSstats - dataProcess function
INFO  [2024-04-01 14:48:33] Summary method: TMP
INFO  [2024-04-01 14:48:33] censoredInt: NA
INFO  [2024-04-01 14:48:33] Logarithm transformation with base 2 is done
INFO  [2024-04-01 14:48:33] Factorize in columns(GROUP, SUBJECT, GROUP_ORIGINAL, SUBJECT_ORIGINAL, FEATURE, RUN)
INFO  [2024-04-01 14:48:33] ** Use all features that the dataset originally has.
INFO  [2024-04-01 14:48:33] 
 # proteins: 416
 # peptides per protein: 1-364
 # features per peptide: 1-1
INFO  [2024-04-01 14:48:33] Some proteins have only one feature: 
 rev_sp|Q9BYN8|RT26_HUMAN,
 rev_tr|A0A4Y3JP04|A0A4Y3JP04_9ENTE,
 sp|A0A075B6H7|KV37_HUMAN,
 sp|A0A075B6I1|LV460_HUMAN,
 sp|A0A075B6I4|LVX54_HUMAN ...
INFO  [2024-04-01 14:48:33] 
                    Faecalis Faecium Healthy Norm
             # runs        5       6       4    1
    # bioreplicates        5       6       4    1
 # tech. replicates        1       1       1    1
INFO  [2024-04-01 14:48:33] Some features are completely missing in at least one condition:  
 GAQLEILKK_3_NA_NA,
 ITCSGDALPKK_3_NA_NA,
 TDGGTTDYAAPVKGR_3_NA_NA,
 YASQSFSGVPSR_2_NA_NA,
 SELEDNIR_2_NA_NA ...
INFO  [2024-04-01 14:48:33] == Start the summarization per subplot...
INFO  [2024-04-01 14:48:45] == Summarization is done.
INFO  [2024-04-01 14:48:45] MSstats - dataProcess function
INFO  [2024-04-01 14:48:45] Summary method: TMP
INFO  [2024-04-01 14:48:45] censoredInt: NA
INFO  [2024-04-01 14:48:45] Logarithm transformation with base 2 is done
INFO  [2024-04-01 14:48:45] Factorize in columns(GROUP, SUBJECT, GROUP_ORIGINAL, SUBJECT_ORIGINAL, FEATURE, RUN)
INFO  [2024-04-01 14:48:45] ** Use all features that the dataset originally has.
INFO  [2024-04-01 14:48:45] 
 # proteins: 471
 # peptides per protein: 1-456
 # features per peptide: 1-1
INFO  [2024-04-01 14:48:45] Some proteins have only one feature: 
 rev_sp|Q9BYN8|RT26_HUMAN,
 sp|A0A075B6I4|LVX54_HUMAN,
 sp|A0A075B6K0|LV316_HUMAN,
 sp|A0A075B6Q5|HV364_HUMAN,
 sp|A0A087WSY6|KVD15_HUMAN ...
INFO  [2024-04-01 14:48:45] 
                    Faecalis Faecium Healthy Norm
             # runs        9       1       5    1
    # bioreplicates        9       1       5    1
 # tech. replicates        1       1       1    1
INFO  [2024-04-01 14:48:45] Some features are completely missing in at least one condition:  
 GAQLEILKK_3_NA_NA,
 KGAQLEILK_3_NA_NA,
 EIVMTQSPPTLSLSPGER_2_NA_NA,
 SEDTAMYYCAR_2_NA_NA,
 VQQNVPSGTDTGDPQSK_3_NA_NA ...
INFO  [2024-04-01 14:48:45] == Start the summarization per subplot...
INFO  [2024-04-01 14:49:05] == Summarization is done.
