INFO  [2024-04-01 14:45:57] ** Raw data from Philosopher imported successfully.
INFO  [2024-04-01 14:45:59] ** Using provided annotation.
INFO  [2024-04-01 14:45:59] ** Run and Channel labels were standardized to remove symbols such as '.' or '%'.
INFO  [2024-04-01 14:45:59] ** The following options are used:
  - Features will be defined by the columns: PeptideSequence, PrecursorCharge
  - Shared peptides will be removed.
  - Proteins with single feature will not be removed.
  - Features with less than 3 measurements within each run will be removed.
INFO  [2024-04-01 14:45:59] ** Rows with values not greater than 0.6 in Purity are removed 
WARN  [2024-04-01 14:45:59] ** PeptideProphetProbability not found in input columns.
INFO  [2024-04-01 14:45:59] ** Sequences containing Oxidation are removed.
INFO  [2024-04-01 14:46:00] ** Features with all missing measurements across channels within each run are removed.
INFO  [2024-04-01 14:46:01] ** Shared peptides are removed.
INFO  [2024-04-01 14:46:01] ** Features with one or two measurements across channels within each run are removed.
INFO  [2024-04-01 14:47:17] ** PSMs have been aggregated to peptide ions.
INFO  [2024-04-01 14:47:18] ** Run annotation merged with quantification data.
INFO  [2024-04-01 14:47:20] ** For peptides overlapped between fractions of plex1_1 use the fraction with maximal average abundance.
INFO  [2024-04-01 14:47:20] ** For peptides overlapped between fractions of plex2_1 use the fraction with maximal average abundance.
INFO  [2024-04-01 14:47:21] ** For peptides overlapped between fractions of plex3_1 use the fraction with maximal average abundance.
INFO  [2024-04-01 14:47:21] ** For peptides overlapped between fractions of plex4_1 use the fraction with maximal average abundance.
INFO  [2024-04-01 14:47:21] ** For peptides overlapped between fractions of plex5_1 use the fraction with maximal average abundance.
INFO  [2024-04-01 14:47:21] ** For peptides overlapped between fractions of plex6_1 use the fraction with maximal average abundance.
INFO  [2024-04-01 14:47:21] ** For peptides overlapped between fractions of plex7_1 use the fraction with maximal average abundance.
INFO  [2024-04-01 14:47:21] ** Fractions belonging to same mixture have been combined.
INFO  [2024-04-01 14:47:21] ** Features with one or two measurements across channels within each run are removed.
INFO  [2024-04-01 14:47:21] ** Fractionation handled.
INFO  [2024-04-01 14:47:22] ** Updated quantification data to make balanced design. Missing values are marked by NA
INFO  [2024-04-01 14:47:22] 

INFO  [2024-04-01 14:47:22] ** Finished preprocessing. The dataset is ready to be processed by the proteinSummarization function.
INFO  [2024-04-01 14:47:22] 

